RuntimeError: failed to build image pip, setuptools because:
Traceback (most recent call last):
  File "/cvmfs/soft.computecanada.ca/easybuild/software/2023/x86-64-v3/Compiler/gcccore/python/3.11.5/lib/python3.11/site-packages/virtualenv/seed/embed/via_app_data/via_app_data.py", line 57, in _install
    installer.install(creator.interpreter.version_info)
  File "/cvmfs/soft.computecanada.ca/easybuild/software/2023/x86-64-v3/Compiler/gcccore/python/3.11.5/lib/python3.11/site-packages/virtualenv/seed/embed/via_app_data/pip_install/base.py", line 33, in install
    self._uninstall_previous_version()
  File "/cvmfs/soft.computecanada.ca/easybuild/software/2023/x86-64-v3/Compiler/gcccore/python/3.11.5/lib/python3.11/site-packages/virtualenv/seed/embed/via_app_data/pip_install/base.py", line 149, in _uninstall_previous_version
    self._uninstall_dist(existing_dist)
  File "/cvmfs/soft.computecanada.ca/easybuild/software/2023/x86-64-v3/Compiler/gcccore/python/3.11.5/lib/python3.11/site-packages/virtualenv/seed/embed/via_app_data/pip_install/base.py", line 177, in _uninstall_dist
    path.unlink()
  File "/cvmfs/soft.computecanada.ca/easybuild/software/2023/x86-64-v3/Compiler/gcccore/python/3.11.5/lib/python3.11/pathlib.py", line 1147, in unlink
    os.unlink(self)
FileNotFoundError: [Errno 2] No such file or directory: '/home/cosma/tms_env/lib/python3.11/site-packages/pip/_internal/models/__pycache__/search_scope.cpython-311.pyc'

Traceback (most recent call last):
  File "/cvmfs/soft.computecanada.ca/easybuild/software/2023/x86-64-v3/Compiler/gcccore/python/3.11.5/lib/python3.11/site-packages/virtualenv/seed/embed/via_app_data/via_app_data.py", line 57, in _install
    installer.install(creator.interpreter.version_info)
  File "/cvmfs/soft.computecanada.ca/easybuild/software/2023/x86-64-v3/Compiler/gcccore/python/3.11.5/lib/python3.11/site-packages/virtualenv/seed/embed/via_app_data/pip_install/base.py", line 37, in install
    self._sync(filename, into)
  File "/cvmfs/soft.computecanada.ca/easybuild/software/2023/x86-64-v3/Compiler/gcccore/python/3.11.5/lib/python3.11/site-packages/virtualenv/seed/embed/via_app_data/pip_install/copy.py", line 13, in _sync
    copy(src, dst)
  File "/cvmfs/soft.computecanada.ca/easybuild/software/2023/x86-64-v3/Compiler/gcccore/python/3.11.5/lib/python3.11/site-packages/virtualenv/util/path/_sync.py", line 41, in copy
    method(str(src), str(dest))
  File "/cvmfs/soft.computecanada.ca/easybuild/software/2023/x86-64-v3/Compiler/gcccore/python/3.11.5/lib/python3.11/site-packages/virtualenv/util/path/_sync.py", line 52, in copytree
    shutil.copy(src_f, dest_f)
  File "/cvmfs/soft.computecanada.ca/easybuild/software/2023/x86-64-v3/Compiler/gcccore/python/3.11.5/lib/python3.11/shutil.py", line 420, in copy
    copymode(src, dst, follow_symlinks=follow_symlinks)
  File "/cvmfs/soft.computecanada.ca/easybuild/software/2023/x86-64-v3/Compiler/gcccore/python/3.11.5/lib/python3.11/shutil.py", line 309, in copymode
    chmod_func(dst, stat.S_IMODE(st.st_mode))
FileNotFoundError: [Errno 2] No such file or directory: '/home/cosma/tms_env/lib/python3.11/site-packages/pkg_resources/_vendor/packaging/_parser.py'

Defaulting to user installation because normal site-packages is not writeable
Looking in links: /cvmfs/soft.computecanada.ca/custom/python/wheelhouse/gentoo2023/x86-64-v3, /cvmfs/soft.computecanada.ca/custom/python/wheelhouse/gentoo2023/generic, /cvmfs/soft.computecanada.ca/custom/python/wheelhouse/generic
Requirement already satisfied: pip in /cvmfs/soft.computecanada.ca/easybuild/software/2023/x86-64-v3/Compiler/gcccore/python/3.11.5/lib/python3.11/site-packages (23.2.1)
Processing /cvmfs/soft.computecanada.ca/custom/python/wheelhouse/generic/pip-26.0.1+computecanada-py3-none-any.whl
Installing collected packages: pip
Successfully installed pip-26.0.1+computecanada
Defaulting to user installation because normal site-packages is not writeable
Looking in links: /cvmfs/soft.computecanada.ca/custom/python/wheelhouse/gentoo2023/x86-64-v3, /cvmfs/soft.computecanada.ca/custom/python/wheelhouse/gentoo2023/generic, /cvmfs/soft.computecanada.ca/custom/python/wheelhouse/generic
WARNING: Retrying (Retry(total=4, connect=None, read=None, redirect=None, status=None)) after connection broken by 'NewConnectionError('<pip._vendor.urllib3.connection.HTTPSConnection object at 0x153c1bea6090>: Failed to establish a new connection: [Errno 101] Network is unreachable')': /simple/monai/
WARNING: Retrying (Retry(total=3, connect=None, read=None, redirect=None, status=None)) after connection broken by 'NewConnectionError('<pip._vendor.urllib3.connection.HTTPSConnection object at 0x153c1bea6ad0>: Failed to establish a new connection: [Errno 101] Network is unreachable')': /simple/monai/
WARNING: Retrying (Retry(total=2, connect=None, read=None, redirect=None, status=None)) after connection broken by 'NewConnectionError('<pip._vendor.urllib3.connection.HTTPSConnection object at 0x153c1bea7250>: Failed to establish a new connection: [Errno 101] Network is unreachable')': /simple/monai/
WARNING: Retrying (Retry(total=1, connect=None, read=None, redirect=None, status=None)) after connection broken by 'NewConnectionError('<pip._vendor.urllib3.connection.HTTPSConnection object at 0x153c1bea7d10>: Failed to establish a new connection: [Errno 101] Network is unreachable')': /simple/monai/
WARNING: Retrying (Retry(total=0, connect=None, read=None, redirect=None, status=None)) after connection broken by 'NewConnectionError('<pip._vendor.urllib3.connection.HTTPSConnection object at 0x153c1beb0810>: Failed to establish a new connection: [Errno 101] Network is unreachable')': /simple/monai/
Processing /cvmfs/soft.computecanada.ca/custom/python/wheelhouse/generic/monai-1.5.0+computecanada-py3-none-any.whl
WARNING: Retrying (Retry(total=4, connect=None, read=None, redirect=None, status=None)) after connection broken by 'NewConnectionError('<pip._vendor.urllib3.connection.HTTPSConnection object at 0x153c1befaa10>: Failed to establish a new connection: [Errno 101] Network is unreachable')': /simple/s3fs/
WARNING: Retrying (Retry(total=3, connect=None, read=None, redirect=None, status=None)) after connection broken by 'NewConnectionError('<pip._vendor.urllib3.connection.HTTPSConnection object at 0x153c1befb290>: Failed to establish a new connection: [Errno 101] Network is unreachable')': /simple/s3fs/
WARNING: Retrying (Retry(total=2, connect=None, read=None, redirect=None, status=None)) after connection broken by 'NewConnectionError('<pip._vendor.urllib3.connection.HTTPSConnection object at 0x153c1befbad0>: Failed to establish a new connection: [Errno 101] Network is unreachable')': /simple/s3fs/
WARNING: Retrying (Retry(total=1, connect=None, read=None, redirect=None, status=None)) after connection broken by 'NewConnectionError('<pip._vendor.urllib3.connection.HTTPSConnection object at 0x153c1c2839d0>: Failed to establish a new connection: [Errno 101] Network is unreachable')': /simple/s3fs/
WARNING: Retrying (Retry(total=0, connect=None, read=None, redirect=None, status=None)) after connection broken by 'NewConnectionError('<pip._vendor.urllib3.connection.HTTPSConnection object at 0x153c1c3be610>: Failed to establish a new connection: [Errno 101] Network is unreachable')': /simple/s3fs/
Processing /cvmfs/soft.computecanada.ca/custom/python/wheelhouse/generic/s3fs-2026.2.0+computecanada-py3-none-any.whl
WARNING: Retrying (Retry(total=4, connect=None, read=None, redirect=None, status=None)) after connection broken by 'NewConnectionError('<pip._vendor.urllib3.connection.HTTPSConnection object at 0x153c1c2adc50>: Failed to establish a new connection: [Errno 101] Network is unreachable')': /simple/nibabel/
WARNING: Retrying (Retry(total=3, connect=None, read=None, redirect=None, status=None)) after connection broken by 'NewConnectionError('<pip._vendor.urllib3.connection.HTTPSConnection object at 0x153c1c2aeb90>: Failed to establish a new connection: [Errno 101] Network is unreachable')': /simple/nibabel/
WARNING: Retrying (Retry(total=2, connect=None, read=None, redirect=None, status=None)) after connection broken by 'NewConnectionError('<pip._vendor.urllib3.connection.HTTPSConnection object at 0x153c1c2af490>: Failed to establish a new connection: [Errno 101] Network is unreachable')': /simple/nibabel/
WARNING: Retrying (Retry(total=1, connect=None, read=None, redirect=None, status=None)) after connection broken by 'NewConnectionError('<pip._vendor.urllib3.connection.HTTPSConnection object at 0x153c1c2bc610>: Failed to establish a new connection: [Errno 101] Network is unreachable')': /simple/nibabel/
WARNING: Retrying (Retry(total=0, connect=None, read=None, redirect=None, status=None)) after connection broken by 'NewConnectionError('<pip._vendor.urllib3.connection.HTTPSConnection object at 0x153c1bebc690>: Failed to establish a new connection: [Errno 101] Network is unreachable')': /simple/nibabel/
Processing /cvmfs/soft.computecanada.ca/custom/python/wheelhouse/generic/nibabel-5.3.2+computecanada-py3-none-any.whl
Requirement already satisfied: pandas in /cvmfs/soft.computecanada.ca/easybuild/software/2023/x86-64-v3/Compiler/gcccore/scipy-stack/2024a/lib/python3.11/site-packages (2.2.1+computecanada)
WARNING: Retrying (Retry(total=4, connect=None, read=None, redirect=None, status=None)) after connection broken by 'NewConnectionError('<pip._vendor.urllib3.connection.HTTPSConnection object at 0x153c1c3023d0>: Failed to establish a new connection: [Errno 101] Network is unreachable')': /simple/seaborn/
WARNING: Retrying (Retry(total=3, connect=None, read=None, redirect=None, status=None)) after connection broken by 'NewConnectionError('<pip._vendor.urllib3.connection.HTTPSConnection object at 0x153c1c303210>: Failed to establish a new connection: [Errno 101] Network is unreachable')': /simple/seaborn/
WARNING: Retrying (Retry(total=2, connect=None, read=None, redirect=None, status=None)) after connection broken by 'NewConnectionError('<pip._vendor.urllib3.connection.HTTPSConnection object at 0x153c1c303c90>: Failed to establish a new connection: [Errno 101] Network is unreachable')': /simple/seaborn/
WARNING: Retrying (Retry(total=1, connect=None, read=None, redirect=None, status=None)) after connection broken by 'NewConnectionError('<pip._vendor.urllib3.connection.HTTPSConnection object at 0x153c1c308f50>: Failed to establish a new connection: [Errno 101] Network is unreachable')': /simple/seaborn/
WARNING: Retrying (Retry(total=0, connect=None, read=None, redirect=None, status=None)) after connection broken by 'NewConnectionError('<pip._vendor.urllib3.connection.HTTPSConnection object at 0x153c1c309ad0>: Failed to establish a new connection: [Errno 101] Network is unreachable')': /simple/seaborn/
Processing /cvmfs/soft.computecanada.ca/custom/python/wheelhouse/generic/seaborn-0.13.2+computecanada-py3-none-any.whl
WARNING: Retrying (Retry(total=4, connect=None, read=None, redirect=None, status=None)) after connection broken by 'NewConnectionError('<pip._vendor.urllib3.connection.HTTPSConnection object at 0x153c1c32eb90>: Failed to establish a new connection: [Errno 101] Network is unreachable')': /simple/scikit-learn/
WARNING: Retrying (Retry(total=3, connect=None, read=None, redirect=None, status=None)) after connection broken by 'NewConnectionError('<pip._vendor.urllib3.connection.HTTPSConnection object at 0x153c1c341bd0>: Failed to establish a new connection: [Errno 101] Network is unreachable')': /simple/scikit-learn/
WARNING: Retrying (Retry(total=2, connect=None, read=None, redirect=None, status=None)) after connection broken by 'NewConnectionError('<pip._vendor.urllib3.connection.HTTPSConnection object at 0x153c1c15d550>: Failed to establish a new connection: [Errno 101] Network is unreachable')': /simple/scikit-learn/
WARNING: Retrying (Retry(total=1, connect=None, read=None, redirect=None, status=None)) after connection broken by 'NewConnectionError('<pip._vendor.urllib3.connection.HTTPSConnection object at 0x153c1c16b110>: Failed to establish a new connection: [Errno 101] Network is unreachable')': /simple/scikit-learn/
WARNING: Retrying (Retry(total=0, connect=None, read=None, redirect=None, status=None)) after connection broken by 'NewConnectionError('<pip._vendor.urllib3.connection.HTTPSConnection object at 0x153c1c179f10>: Failed to establish a new connection: [Errno 101] Network is unreachable')': /simple/scikit-learn/
Processing /cvmfs/soft.computecanada.ca/custom/python/wheelhouse/gentoo2023/generic/scikit_learn-1.8.0+computecanada-cp311-cp311-linux_x86_64.whl
WARNING: Retrying (Retry(total=4, connect=None, read=None, redirect=None, status=None)) after connection broken by 'NewConnectionError('<pip._vendor.urllib3.connection.HTTPSConnection object at 0x153c1bee7310>: Failed to establish a new connection: [Errno 101] Network is unreachable')': /simple/tqdm/
WARNING: Retrying (Retry(total=3, connect=None, read=None, redirect=None, status=None)) after connection broken by 'NewConnectionError('<pip._vendor.urllib3.connection.HTTPSConnection object at 0x153c1bee7dd0>: Failed to establish a new connection: [Errno 101] Network is unreachable')': /simple/tqdm/
WARNING: Retrying (Retry(total=2, connect=None, read=None, redirect=None, status=None)) after connection broken by 'NewConnectionError('<pip._vendor.urllib3.connection.HTTPSConnection object at 0x153c1beec5d0>: Failed to establish a new connection: [Errno 101] Network is unreachable')': /simple/tqdm/
WARNING: Retrying (Retry(total=1, connect=None, read=None, redirect=None, status=None)) after connection broken by 'NewConnectionError('<pip._vendor.urllib3.connection.HTTPSConnection object at 0x153c1be89d90>: Failed to establish a new connection: [Errno 101] Network is unreachable')': /simple/tqdm/
WARNING: Retrying (Retry(total=0, connect=None, read=None, redirect=None, status=None)) after connection broken by 'NewConnectionError('<pip._vendor.urllib3.connection.HTTPSConnection object at 0x153c1bef4710>: Failed to establish a new connection: [Errno 101] Network is unreachable')': /simple/tqdm/
Processing /cvmfs/soft.computecanada.ca/custom/python/wheelhouse/generic/tqdm-4.67.3+computecanada-py3-none-any.whl
Requirement already satisfied: scipy in /cvmfs/soft.computecanada.ca/easybuild/software/2023/x86-64-v3/Compiler/gcccore/scipy-stack/2024a/lib/python3.11/site-packages (1.13.1+computecanada)
Requirement already satisfied: numpy<3.0,>=1.24 in /cvmfs/soft.computecanada.ca/easybuild/software/2023/x86-64-v3/Compiler/gcccore/scipy-stack/2024a/lib/python3.11/site-packages (from monai) (1.26.4+computecanada)
WARNING: Retrying (Retry(total=4, connect=None, read=None, redirect=None, status=None)) after connection broken by 'NewConnectionError('<pip._vendor.urllib3.connection.HTTPSConnection object at 0x153c1bf3cad0>: Failed to establish a new connection: [Errno 101] Network is unreachable')': /simple/torch/
WARNING: Retrying (Retry(total=3, connect=None, read=None, redirect=None, status=None)) after connection broken by 'NewConnectionError('<pip._vendor.urllib3.connection.HTTPSConnection object at 0x153c1bf3d310>: Failed to establish a new connection: [Errno 101] Network is unreachable')': /simple/torch/
WARNING: Retrying (Retry(total=2, connect=None, read=None, redirect=None, status=None)) after connection broken by 'NewConnectionError('<pip._vendor.urllib3.connection.HTTPSConnection object at 0x153c1bf3ddd0>: Failed to establish a new connection: [Errno 101] Network is unreachable')': /simple/torch/
WARNING: Retrying (Retry(total=1, connect=None, read=None, redirect=None, status=None)) after connection broken by 'NewConnectionError('<pip._vendor.urllib3.connection.HTTPSConnection object at 0x153c1bf3e750>: Failed to establish a new connection: [Errno 101] Network is unreachable')': /simple/torch/
WARNING: Retrying (Retry(total=0, connect=None, read=None, redirect=None, status=None)) after connection broken by 'NewConnectionError('<pip._vendor.urllib3.connection.HTTPSConnection object at 0x153c1bf3f390>: Failed to establish a new connection: [Errno 101] Network is unreachable')': /simple/torch/
Processing /cvmfs/soft.computecanada.ca/custom/python/wheelhouse/gentoo2023/x86-64-v3/torch-2.6.0+computecanada-cp311-cp311-linux_x86_64.whl (from monai)
Requirement already satisfied: filelock in /cvmfs/soft.computecanada.ca/easybuild/software/2023/x86-64-v3/Compiler/gcccore/python/3.11.5/lib/python3.11/site-packages (from torch<2.7.0,>=2.4.1->monai) (3.12.2)
WARNING: Retrying (Retry(total=4, connect=None, read=None, redirect=None, status=None)) after connection broken by 'NewConnectionError('<pip._vendor.urllib3.connection.HTTPSConnection object at 0x153c1bee67d0>: Failed to establish a new connection: [Errno 101] Network is unreachable')': /simple/typing-extensions/
WARNING: Retrying (Retry(total=3, connect=None, read=None, redirect=None, status=None)) after connection broken by 'NewConnectionError('<pip._vendor.urllib3.connection.HTTPSConnection object at 0x153c1c2bc910>: Failed to establish a new connection: [Errno 101] Network is unreachable')': /simple/typing-extensions/
WARNING: Retrying (Retry(total=2, connect=None, read=None, redirect=None, status=None)) after connection broken by 'NewConnectionError('<pip._vendor.urllib3.connection.HTTPSConnection object at 0x153c1c2af210>: Failed to establish a new connection: [Errno 101] Network is unreachable')': /simple/typing-extensions/
WARNING: Retrying (Retry(total=1, connect=None, read=None, redirect=None, status=None)) after connection broken by 'NewConnectionError('<pip._vendor.urllib3.connection.HTTPSConnection object at 0x153c1c2af450>: Failed to establish a new connection: [Errno 101] Network is unreachable')': /simple/typing-extensions/
WARNING: Retrying (Retry(total=0, connect=None, read=None, redirect=None, status=None)) after connection broken by 'NewConnectionError('<pip._vendor.urllib3.connection.HTTPSConnection object at 0x153c1c2ad610>: Failed to establish a new connection: [Errno 101] Network is unreachable')': /simple/typing-extensions/
Processing /cvmfs/soft.computecanada.ca/custom/python/wheelhouse/generic/typing_extensions-4.15.0+computecanada-py3-none-any.whl (from torch<2.7.0,>=2.4.1->monai)
WARNING: Retrying (Retry(total=4, connect=None, read=None, redirect=None, status=None)) after connection broken by 'NewConnectionError('<pip._vendor.urllib3.connection.HTTPSConnection object at 0x153c1bd4d2d0>: Failed to establish a new connection: [Errno 101] Network is unreachable')': /simple/networkx/
WARNING: Retrying (Retry(total=3, connect=None, read=None, redirect=None, status=None)) after connection broken by 'NewConnectionError('<pip._vendor.urllib3.connection.HTTPSConnection object at 0x153c1bd4fa50>: Failed to establish a new connection: [Errno 101] Network is unreachable')': /simple/networkx/
WARNING: Retrying (Retry(total=2, connect=None, read=None, redirect=None, status=None)) after connection broken by 'NewConnectionError('<pip._vendor.urllib3.connection.HTTPSConnection object at 0x153c1c2b4190>: Failed to establish a new connection: [Errno 101] Network is unreachable')': /simple/networkx/
WARNING: Retrying (Retry(total=1, connect=None, read=None, redirect=None, status=None)) after connection broken by 'NewConnectionError('<pip._vendor.urllib3.connection.HTTPSConnection object at 0x153c1c2b4910>: Failed to establish a new connection: [Errno 101] Network is unreachable')': /simple/networkx/
WARNING: Retrying (Retry(total=0, connect=None, read=None, redirect=None, status=None)) after connection broken by 'NewConnectionError('<pip._vendor.urllib3.connection.HTTPSConnection object at 0x153c1c2b51d0>: Failed to establish a new connection: [Errno 101] Network is unreachable')': /simple/networkx/
Processing /cvmfs/soft.computecanada.ca/custom/python/wheelhouse/generic/networkx-3.6.1+computecanada-py3-none-any.whl (from torch<2.7.0,>=2.4.1->monai)
WARNING: Retrying (Retry(total=4, connect=None, read=None, redirect=None, status=None)) after connection broken by 'NewConnectionError('<pip._vendor.urllib3.connection.HTTPSConnection object at 0x153c1bd6e750>: Failed to establish a new connection: [Errno 101] Network is unreachable')': /simple/jinja2/
WARNING: Retrying (Retry(total=3, connect=None, read=None, redirect=None, status=None)) after connection broken by 'NewConnectionError('<pip._vendor.urllib3.connection.HTTPSConnection object at 0x153c1bd6eed0>: Failed to establish a new connection: [Errno 101] Network is unreachable')': /simple/jinja2/
WARNING: Retrying (Retry(total=2, connect=None, read=None, redirect=None, status=None)) after connection broken by 'NewConnectionError('<pip._vendor.urllib3.connection.HTTPSConnection object at 0x153c1bd6fd10>: Failed to establish a new connection: [Errno 101] Network is unreachable')': /simple/jinja2/
WARNING: Retrying (Retry(total=1, connect=None, read=None, redirect=None, status=None)) after connection broken by 'NewConnectionError('<pip._vendor.urllib3.connection.HTTPSConnection object at 0x153c1bd7c510>: Failed to establish a new connection: [Errno 101] Network is unreachable')': /simple/jinja2/
WARNING: Retrying (Retry(total=0, connect=None, read=None, redirect=None, status=None)) after connection broken by 'NewConnectionError('<pip._vendor.urllib3.connection.HTTPSConnection object at 0x153c1bd7d190>: Failed to establish a new connection: [Errno 101] Network is unreachable')': /simple/jinja2/
Processing /cvmfs/soft.computecanada.ca/custom/python/wheelhouse/generic/jinja2-3.1.6+computecanada-py3-none-any.whl (from torch<2.7.0,>=2.4.1->monai)
WARNING: Retrying (Retry(total=4, connect=None, read=None, redirect=None, status=None)) after connection broken by 'NewConnectionError('<pip._vendor.urllib3.connection.HTTPSConnection object at 0x153c1bd6e6d0>: Failed to establish a new connection: [Errno 101] Network is unreachable')': /simple/fsspec/
WARNING: Retrying (Retry(total=3, connect=None, read=None, redirect=None, status=None)) after connection broken by 'NewConnectionError('<pip._vendor.urllib3.connection.HTTPSConnection object at 0x153c1bd8c590>: Failed to establish a new connection: [Errno 101] Network is unreachable')': /simple/fsspec/
WARNING: Retrying (Retry(total=2, connect=None, read=None, redirect=None, status=None)) after connection broken by 'NewConnectionError('<pip._vendor.urllib3.connection.HTTPSConnection object at 0x153c1bd8d510>: Failed to establish a new connection: [Errno 101] Network is unreachable')': /simple/fsspec/
WARNING: Retrying (Retry(total=1, connect=None, read=None, redirect=None, status=None)) after connection broken by 'NewConnectionError('<pip._vendor.urllib3.connection.HTTPSConnection object at 0x153c1bd8dc50>: Failed to establish a new connection: [Errno 101] Network is unreachable')': /simple/fsspec/
WARNING: Retrying (Retry(total=0, connect=None, read=None, redirect=None, status=None)) after connection broken by 'NewConnectionError('<pip._vendor.urllib3.connection.HTTPSConnection object at 0x153c1bd8e690>: Failed to establish a new connection: [Errno 101] Network is unreachable')': /simple/fsspec/
Processing /cvmfs/soft.computecanada.ca/custom/python/wheelhouse/generic/fsspec-2026.3.0+computecanada-py3-none-any.whl (from torch<2.7.0,>=2.4.1->monai)
WARNING: Retrying (Retry(total=4, connect=None, read=None, redirect=None, status=None)) after connection broken by 'NewConnectionError('<pip._vendor.urllib3.connection.HTTPSConnection object at 0x153c1bde5350>: Failed to establish a new connection: [Errno 101] Network is unreachable')': /simple/sympy/
WARNING: Retrying (Retry(total=3, connect=None, read=None, redirect=None, status=None)) after connection broken by 'NewConnectionError('<pip._vendor.urllib3.connection.HTTPSConnection object at 0x153c1bde59d0>: Failed to establish a new connection: [Errno 101] Network is unreachable')': /simple/sympy/
WARNING: Retrying (Retry(total=2, connect=None, read=None, redirect=None, status=None)) after connection broken by 'NewConnectionError('<pip._vendor.urllib3.connection.HTTPSConnection object at 0x153c1bde6590>: Failed to establish a new connection: [Errno 101] Network is unreachable')': /simple/sympy/
WARNING: Retrying (Retry(total=1, connect=None, read=None, redirect=None, status=None)) after connection broken by 'NewConnectionError('<pip._vendor.urllib3.connection.HTTPSConnection object at 0x153c1bde6c10>: Failed to establish a new connection: [Errno 101] Network is unreachable')': /simple/sympy/
WARNING: Retrying (Retry(total=0, connect=None, read=None, redirect=None, status=None)) after connection broken by 'NewConnectionError('<pip._vendor.urllib3.connection.HTTPSConnection object at 0x153c1bde74d0>: Failed to establish a new connection: [Errno 101] Network is unreachable')': /simple/sympy/
Processing /cvmfs/soft.computecanada.ca/custom/python/wheelhouse/generic/sympy-1.13.1+computecanada-py3-none-any.whl (from torch<2.7.0,>=2.4.1->monai)
Requirement already satisfied: mpmath<1.4,>=1.1.0 in /cvmfs/soft.computecanada.ca/easybuild/software/2023/x86-64-v3/Compiler/gcccore/scipy-stack/2024a/lib/python3.11/site-packages (from sympy==1.13.1->torch<2.7.0,>=2.4.1->monai) (1.3.0+computecanada)
WARNING: Retrying (Retry(total=4, connect=None, read=None, redirect=None, status=None)) after connection broken by 'NewConnectionError('<pip._vendor.urllib3.connection.HTTPSConnection object at 0x153c1bdfc390>: Failed to establish a new connection: [Errno 101] Network is unreachable')': /simple/aiobotocore/
WARNING: Retrying (Retry(total=3, connect=None, read=None, redirect=None, status=None)) after connection broken by 'NewConnectionError('<pip._vendor.urllib3.connection.HTTPSConnection object at 0x153c1bdfcad0>: Failed to establish a new connection: [Errno 101] Network is unreachable')': /simple/aiobotocore/
WARNING: Retrying (Retry(total=2, connect=None, read=None, redirect=None, status=None)) after connection broken by 'NewConnectionError('<pip._vendor.urllib3.connection.HTTPSConnection object at 0x153c1bdfd310>: Failed to establish a new connection: [Errno 101] Network is unreachable')': /simple/aiobotocore/
WARNING: Retrying (Retry(total=1, connect=None, read=None, redirect=None, status=None)) after connection broken by 'NewConnectionError('<pip._vendor.urllib3.connection.HTTPSConnection object at 0x153c1bdfdcd0>: Failed to establish a new connection: [Errno 101] Network is unreachable')': /simple/aiobotocore/
WARNING: Retrying (Retry(total=0, connect=None, read=None, redirect=None, status=None)) after connection broken by 'NewConnectionError('<pip._vendor.urllib3.connection.HTTPSConnection object at 0x153c1bdfe750>: Failed to establish a new connection: [Errno 101] Network is unreachable')': /simple/aiobotocore/
Processing /cvmfs/soft.computecanada.ca/custom/python/wheelhouse/generic/aiobotocore-3.1.3+computecanada-py3-none-any.whl (from s3fs)
Processing /cvmfs/soft.computecanada.ca/custom/python/wheelhouse/generic/fsspec-2026.2.0+computecanada-py3-none-any.whl (from torch<2.7.0,>=2.4.1->monai)
WARNING: Retrying (Retry(total=4, connect=None, read=None, redirect=None, status=None)) after connection broken by 'NewConnectionError('<pip._vendor.urllib3.connection.HTTPSConnection object at 0x153c1be0f890>: Failed to establish a new connection: [Errno 101] Network is unreachable')': /simple/aiohttp/
WARNING: Retrying (Retry(total=3, connect=None, read=None, redirect=None, status=None)) after connection broken by 'NewConnectionError('<pip._vendor.urllib3.connection.HTTPSConnection object at 0x153c1be0fe10>: Failed to establish a new connection: [Errno 101] Network is unreachable')': /simple/aiohttp/
WARNING: Retrying (Retry(total=2, connect=None, read=None, redirect=None, status=None)) after connection broken by 'NewConnectionError('<pip._vendor.urllib3.connection.HTTPSConnection object at 0x153c1be10610>: Failed to establish a new connection: [Errno 101] Network is unreachable')': /simple/aiohttp/
WARNING: Retrying (Retry(total=1, connect=None, read=None, redirect=None, status=None)) after connection broken by 'NewConnectionError('<pip._vendor.urllib3.connection.HTTPSConnection object at 0x153c1be10d50>: Failed to establish a new connection: [Errno 101] Network is unreachable')': /simple/aiohttp/
WARNING: Retrying (Retry(total=0, connect=None, read=None, redirect=None, status=None)) after connection broken by 'NewConnectionError('<pip._vendor.urllib3.connection.HTTPSConnection object at 0x153c1be113d0>: Failed to establish a new connection: [Errno 101] Network is unreachable')': /simple/aiohttp/
Processing /cvmfs/soft.computecanada.ca/custom/python/wheelhouse/gentoo2023/x86-64-v3/aiohttp-3.13.3+computecanada-cp311-cp311-linux_x86_64.whl (from s3fs)
WARNING: Retrying (Retry(total=4, connect=None, read=None, redirect=None, status=None)) after connection broken by 'NewConnectionError('<pip._vendor.urllib3.connection.HTTPSConnection object at 0x153c1be01f90>: Failed to establish a new connection: [Errno 101] Network is unreachable')': /simple/aioitertools/
WARNING: Retrying (Retry(total=3, connect=None, read=None, redirect=None, status=None)) after connection broken by 'NewConnectionError('<pip._vendor.urllib3.connection.HTTPSConnection object at 0x153c1be1f350>: Failed to establish a new connection: [Errno 101] Network is unreachable')': /simple/aioitertools/
WARNING: Retrying (Retry(total=2, connect=None, read=None, redirect=None, status=None)) after connection broken by 'NewConnectionError('<pip._vendor.urllib3.connection.HTTPSConnection object at 0x153c1be1fa10>: Failed to establish a new connection: [Errno 101] Network is unreachable')': /simple/aioitertools/
WARNING: Retrying (Retry(total=1, connect=None, read=None, redirect=None, status=None)) after connection broken by 'NewConnectionError('<pip._vendor.urllib3.connection.HTTPSConnection object at 0x153c1be14150>: Failed to establish a new connection: [Errno 101] Network is unreachable')': /simple/aioitertools/
WARNING: Retrying (Retry(total=0, connect=None, read=None, redirect=None, status=None)) after connection broken by 'NewConnectionError('<pip._vendor.urllib3.connection.HTTPSConnection object at 0x153c1be148d0>: Failed to establish a new connection: [Errno 101] Network is unreachable')': /simple/aioitertools/
Processing /cvmfs/soft.computecanada.ca/custom/python/wheelhouse/generic/aioitertools-0.13.0+computecanada-py3-none-any.whl (from aiobotocore<4.0.0,>=2.19.0->s3fs)
WARNING: Retrying (Retry(total=4, connect=None, read=None, redirect=None, status=None)) after connection broken by 'NewConnectionError('<pip._vendor.urllib3.connection.HTTPSConnection object at 0x153c1be17c90>: Failed to establish a new connection: [Errno 101] Network is unreachable')': /simple/botocore/
WARNING: Retrying (Retry(total=3, connect=None, read=None, redirect=None, status=None)) after connection broken by 'NewConnectionError('<pip._vendor.urllib3.connection.HTTPSConnection object at 0x153c1bde7810>: Failed to establish a new connection: [Errno 101] Network is unreachable')': /simple/botocore/
WARNING: Retrying (Retry(total=2, connect=None, read=None, redirect=None, status=None)) after connection broken by 'NewConnectionError('<pip._vendor.urllib3.connection.HTTPSConnection object at 0x153c1be28b50>: Failed to establish a new connection: [Errno 101] Network is unreachable')': /simple/botocore/
WARNING: Retrying (Retry(total=1, connect=None, read=None, redirect=None, status=None)) after connection broken by 'NewConnectionError('<pip._vendor.urllib3.connection.HTTPSConnection object at 0x153c1be14e10>: Failed to establish a new connection: [Errno 101] Network is unreachable')': /simple/botocore/
WARNING: Retrying (Retry(total=0, connect=None, read=None, redirect=None, status=None)) after connection broken by 'NewConnectionError('<pip._vendor.urllib3.connection.HTTPSConnection object at 0x153c1be14510>: Failed to establish a new connection: [Errno 101] Network is unreachable')': /simple/botocore/
Processing /cvmfs/soft.computecanada.ca/custom/python/wheelhouse/generic/botocore-1.42.49+computecanada-py3-none-any.whl (from aiobotocore<4.0.0,>=2.19.0->s3fs)
Requirement already satisfied: python-dateutil<3.0.0,>=2.1 in /cvmfs/soft.computecanada.ca/easybuild/software/2023/x86-64-v3/Compiler/gcccore/scipy-stack/2024a/lib/python3.11/site-packages (from aiobotocore<4.0.0,>=2.19.0->s3fs) (2.9.0.post0+computecanada)
WARNING: Retrying (Retry(total=4, connect=None, read=None, redirect=None, status=None)) after connection broken by 'NewConnectionError('<pip._vendor.urllib3.connection.HTTPSConnection object at 0x153c1bde5c10>: Failed to establish a new connection: [Errno 101] Network is unreachable')': /simple/jmespath/
WARNING: Retrying (Retry(total=3, connect=None, read=None, redirect=None, status=None)) after connection broken by 'NewConnectionError('<pip._vendor.urllib3.connection.HTTPSConnection object at 0x153c1bde4a90>: Failed to establish a new connection: [Errno 101] Network is unreachable')': /simple/jmespath/
WARNING: Retrying (Retry(total=2, connect=None, read=None, redirect=None, status=None)) after connection broken by 'NewConnectionError('<pip._vendor.urllib3.connection.HTTPSConnection object at 0x153c1be3b110>: Failed to establish a new connection: [Errno 101] Network is unreachable')': /simple/jmespath/
WARNING: Retrying (Retry(total=1, connect=None, read=None, redirect=None, status=None)) after connection broken by 'NewConnectionError('<pip._vendor.urllib3.connection.HTTPSConnection object at 0x153c1be3b7d0>: Failed to establish a new connection: [Errno 101] Network is unreachable')': /simple/jmespath/
WARNING: Retrying (Retry(total=0, connect=None, read=None, redirect=None, status=None)) after connection broken by 'NewConnectionError('<pip._vendor.urllib3.connection.HTTPSConnection object at 0x153c1be3bf50>: Failed to establish a new connection: [Errno 101] Network is unreachable')': /simple/jmespath/
Processing /cvmfs/soft.computecanada.ca/custom/python/wheelhouse/generic/jmespath-1.1.0+computecanada-py3-none-any.whl (from aiobotocore<4.0.0,>=2.19.0->s3fs)
WARNING: Retrying (Retry(total=4, connect=None, read=None, redirect=None, status=None)) after connection broken by 'NewConnectionError('<pip._vendor.urllib3.connection.HTTPSConnection object at 0x153c1b8b78d0>: Failed to establish a new connection: [Errno 101] Network is unreachable')': /simple/multidict/
WARNING: Retrying (Retry(total=3, connect=None, read=None, redirect=None, status=None)) after connection broken by 'NewConnectionError('<pip._vendor.urllib3.connection.HTTPSConnection object at 0x153c1b8b7e90>: Failed to establish a new connection: [Errno 101] Network is unreachable')': /simple/multidict/
WARNING: Retrying (Retry(total=2, connect=None, read=None, redirect=None, status=None)) after connection broken by 'NewConnectionError('<pip._vendor.urllib3.connection.HTTPSConnection object at 0x153c1be17450>: Failed to establish a new connection: [Errno 101] Network is unreachable')': /simple/multidict/
WARNING: Retrying (Retry(total=1, connect=None, read=None, redirect=None, status=None)) after connection broken by 'NewConnectionError('<pip._vendor.urllib3.connection.HTTPSConnection object at 0x153c1c2b4090>: Failed to establish a new connection: [Errno 101] Network is unreachable')': /simple/multidict/
slurmstepd: error: *** JOB 58668349 ON ng30711 CANCELLED AT 2026-04-01T18:34:29 ***
