/localscratch/spool/slurmd/job58691921/slurm_script: line 16: /home/cosma/tms_env/bin/activate: No such file or directory

A module that was compiled using NumPy 1.x cannot be run in
NumPy 2.4.2 as it may crash. To support both 1.x and 2.x
versions of NumPy, modules must be compiled with NumPy 2.0.
Some module may need to rebuild instead e.g. with 'pybind11>=2.12'.

If you are a user of the module, the easiest solution will be to
downgrade to 'numpy<2' or try to upgrade the affected module.
We expect that some modules will need time to support NumPy 2.

Traceback (most recent call last):  File "/home/cosma/tms-fmri-classifier-narval.py", line 15, in <module>
    import pandas as pd
  File "/home/cosma/.local/lib/python3.11/site-packages/pandas/__init__.py", line 22, in <module>
    from pandas.compat import (
  File "/home/cosma/.local/lib/python3.11/site-packages/pandas/compat/__init__.py", line 28, in <module>
    from pandas.compat.pyarrow import (
  File "/home/cosma/.local/lib/python3.11/site-packages/pandas/compat/pyarrow.py", line 9, in <module>
    import pyarrow as pa
  File "/cvmfs/soft.computecanada.ca/easybuild/software/2023/x86-64-v3/Compiler/gcccore/arrow/15.0.1/lib/python3.11/site-packages/pyarrow/__init__.py", line 65, in <module>
    import pyarrow.lib as _lib
AttributeError: _ARRAY_API not found

A module that was compiled using NumPy 1.x cannot be run in
NumPy 2.4.2 as it may crash. To support both 1.x and 2.x
versions of NumPy, modules must be compiled with NumPy 2.0.
Some module may need to rebuild instead e.g. with 'pybind11>=2.12'.

If you are a user of the module, the easiest solution will be to
downgrade to 'numpy<2' or try to upgrade the affected module.
We expect that some modules will need time to support NumPy 2.

Traceback (most recent call last):  File "/home/cosma/tms-fmri-classifier-narval.py", line 15, in <module>
    import pandas as pd
  File "/home/cosma/.local/lib/python3.11/site-packages/pandas/__init__.py", line 46, in <module>
    from pandas.core.api import (
  File "/home/cosma/.local/lib/python3.11/site-packages/pandas/core/api.py", line 9, in <module>
    from pandas.core.dtypes.dtypes import (
  File "/home/cosma/.local/lib/python3.11/site-packages/pandas/core/dtypes/dtypes.py", line 28, in <module>
    from pandas._libs import (
  File "/cvmfs/soft.computecanada.ca/easybuild/software/2023/x86-64-v3/Compiler/gcccore/arrow/15.0.1/lib/python3.11/site-packages/pyarrow/__init__.py", line 65, in <module>
    import pyarrow.lib as _lib
AttributeError: _ARRAY_API not found

A module that was compiled using NumPy 1.x cannot be run in
NumPy 2.4.2 as it may crash. To support both 1.x and 2.x
versions of NumPy, modules must be compiled with NumPy 2.0.
Some module may need to rebuild instead e.g. with 'pybind11>=2.12'.

If you are a user of the module, the easiest solution will be to
downgrade to 'numpy<2' or try to upgrade the affected module.
We expect that some modules will need time to support NumPy 2.

Traceback (most recent call last):  File "/home/cosma/tms-fmri-classifier-narval.py", line 16, in <module>
    import matplotlib
  File "/cvmfs/soft.computecanada.ca/easybuild/software/2023/x86-64-v3/Compiler/gcccore/scipy-stack/2024a/lib/python3.11/site-packages/matplotlib/__init__.py", line 159, in <module>
    from . import _api, _version, cbook, _docstring, rcsetup
  File "/cvmfs/soft.computecanada.ca/easybuild/software/2023/x86-64-v3/Compiler/gcccore/scipy-stack/2024a/lib/python3.11/site-packages/matplotlib/rcsetup.py", line 28, in <module>
    from matplotlib.colors import Colormap, is_color_like
  File "/cvmfs/soft.computecanada.ca/easybuild/software/2023/x86-64-v3/Compiler/gcccore/scipy-stack/2024a/lib/python3.11/site-packages/matplotlib/colors.py", line 57, in <module>
    from matplotlib import _api, _cm, cbook, scale
  File "/cvmfs/soft.computecanada.ca/easybuild/software/2023/x86-64-v3/Compiler/gcccore/scipy-stack/2024a/lib/python3.11/site-packages/matplotlib/scale.py", line 22, in <module>
    from matplotlib.ticker import (
  File "/cvmfs/soft.computecanada.ca/easybuild/software/2023/x86-64-v3/Compiler/gcccore/scipy-stack/2024a/lib/python3.11/site-packages/matplotlib/ticker.py", line 144, in <module>
    from matplotlib import transforms as mtransforms
  File "/cvmfs/soft.computecanada.ca/easybuild/software/2023/x86-64-v3/Compiler/gcccore/scipy-stack/2024a/lib/python3.11/site-packages/matplotlib/transforms.py", line 49, in <module>
    from matplotlib._path import (
AttributeError: _ARRAY_API not found
ImportError: numpy.core.multiarray failed to import

The above exception was the direct cause of the following exception:

Traceback (most recent call last):
  File "/home/cosma/tms-fmri-classifier-narval.py", line 16, in <module>
    import matplotlib
  File "/cvmfs/soft.computecanada.ca/easybuild/software/2023/x86-64-v3/Compiler/gcccore/scipy-stack/2024a/lib/python3.11/site-packages/matplotlib/__init__.py", line 159, in <module>
    from . import _api, _version, cbook, _docstring, rcsetup
  File "/cvmfs/soft.computecanada.ca/easybuild/software/2023/x86-64-v3/Compiler/gcccore/scipy-stack/2024a/lib/python3.11/site-packages/matplotlib/rcsetup.py", line 28, in <module>
    from matplotlib.colors import Colormap, is_color_like
  File "/cvmfs/soft.computecanada.ca/easybuild/software/2023/x86-64-v3/Compiler/gcccore/scipy-stack/2024a/lib/python3.11/site-packages/matplotlib/colors.py", line 57, in <module>
    from matplotlib import _api, _cm, cbook, scale
  File "/cvmfs/soft.computecanada.ca/easybuild/software/2023/x86-64-v3/Compiler/gcccore/scipy-stack/2024a/lib/python3.11/site-packages/matplotlib/scale.py", line 22, in <module>
    from matplotlib.ticker import (
  File "/cvmfs/soft.computecanada.ca/easybuild/software/2023/x86-64-v3/Compiler/gcccore/scipy-stack/2024a/lib/python3.11/site-packages/matplotlib/ticker.py", line 144, in <module>
    from matplotlib import transforms as mtransforms
  File "/cvmfs/soft.computecanada.ca/easybuild/software/2023/x86-64-v3/Compiler/gcccore/scipy-stack/2024a/lib/python3.11/site-packages/matplotlib/transforms.py", line 49, in <module>
    from matplotlib._path import (
ImportError: initialization failed
