RuntimeError: failed to build image wheel, setuptools, pip because:
Traceback (most recent call last):
  File "/cvmfs/soft.computecanada.ca/easybuild/software/2023/x86-64-v3/Compiler/gcccore/python/3.11.5/lib/python3.11/site-packages/virtualenv/seed/embed/via_app_data/via_app_data.py", line 57, in _install
    installer.install(creator.interpreter.version_info)
  File "/cvmfs/soft.computecanada.ca/easybuild/software/2023/x86-64-v3/Compiler/gcccore/python/3.11.5/lib/python3.11/site-packages/virtualenv/seed/embed/via_app_data/pip_install/base.py", line 37, in install
    self._sync(filename, into)
  File "/cvmfs/soft.computecanada.ca/easybuild/software/2023/x86-64-v3/Compiler/gcccore/python/3.11.5/lib/python3.11/site-packages/virtualenv/seed/embed/via_app_data/pip_install/copy.py", line 13, in _sync
    copy(src, dst)
  File "/cvmfs/soft.computecanada.ca/easybuild/software/2023/x86-64-v3/Compiler/gcccore/python/3.11.5/lib/python3.11/site-packages/virtualenv/util/path/_sync.py", line 41, in copy
    method(str(src), str(dest))
  File "/cvmfs/soft.computecanada.ca/easybuild/software/2023/x86-64-v3/Compiler/gcccore/python/3.11.5/lib/python3.11/site-packages/virtualenv/util/path/_sync.py", line 52, in copytree
    shutil.copy(src_f, dest_f)
  File "/cvmfs/soft.computecanada.ca/easybuild/software/2023/x86-64-v3/Compiler/gcccore/python/3.11.5/lib/python3.11/shutil.py", line 419, in copy
    copyfile(src, dst, follow_symlinks=follow_symlinks)
  File "/cvmfs/soft.computecanada.ca/easybuild/software/2023/x86-64-v3/Compiler/gcccore/python/3.11.5/lib/python3.11/shutil.py", line 258, in copyfile
    with open(dst, 'wb') as fdst:
         ^^^^^^^^^^^^^^^
FileNotFoundError: [Errno 2] No such file or directory: '/home/cosma/tms_env/lib/python3.11/site-packages/wheel/cli/__init__.py'

Traceback (most recent call last):
  File "/cvmfs/soft.computecanada.ca/easybuild/software/2023/x86-64-v3/Compiler/gcccore/python/3.11.5/lib/python3.11/site-packages/virtualenv/seed/embed/via_app_data/via_app_data.py", line 57, in _install
    installer.install(creator.interpreter.version_info)
  File "/cvmfs/soft.computecanada.ca/easybuild/software/2023/x86-64-v3/Compiler/gcccore/python/3.11.5/lib/python3.11/site-packages/virtualenv/seed/embed/via_app_data/pip_install/base.py", line 37, in install
    self._sync(filename, into)
  File "/cvmfs/soft.computecanada.ca/easybuild/software/2023/x86-64-v3/Compiler/gcccore/python/3.11.5/lib/python3.11/site-packages/virtualenv/seed/embed/via_app_data/pip_install/copy.py", line 13, in _sync
    copy(src, dst)
  File "/cvmfs/soft.computecanada.ca/easybuild/software/2023/x86-64-v3/Compiler/gcccore/python/3.11.5/lib/python3.11/site-packages/virtualenv/util/path/_sync.py", line 41, in copy
    method(str(src), str(dest))
  File "/cvmfs/soft.computecanada.ca/easybuild/software/2023/x86-64-v3/Compiler/gcccore/python/3.11.5/lib/python3.11/site-packages/virtualenv/util/path/_sync.py", line 52, in copytree
    shutil.copy(src_f, dest_f)
  File "/cvmfs/soft.computecanada.ca/easybuild/software/2023/x86-64-v3/Compiler/gcccore/python/3.11.5/lib/python3.11/shutil.py", line 420, in copy
    copymode(src, dst, follow_symlinks=follow_symlinks)
  File "/cvmfs/soft.computecanada.ca/easybuild/software/2023/x86-64-v3/Compiler/gcccore/python/3.11.5/lib/python3.11/shutil.py", line 309, in copymode
    chmod_func(dst, stat.S_IMODE(st.st_mode))
FileNotFoundError: [Errno 2] No such file or directory: '/home/cosma/tms_env/lib/python3.11/site-packages/pkg_resources/_vendor/packaging/_parser.py'

Traceback (most recent call last):
  File "/cvmfs/soft.computecanada.ca/easybuild/software/2023/x86-64-v3/Compiler/gcccore/python/3.11.5/lib/python3.11/site-packages/virtualenv/seed/embed/via_app_data/via_app_data.py", line 57, in _install
    installer.install(creator.interpreter.version_info)
  File "/cvmfs/soft.computecanada.ca/easybuild/software/2023/x86-64-v3/Compiler/gcccore/python/3.11.5/lib/python3.11/site-packages/virtualenv/seed/embed/via_app_data/pip_install/base.py", line 33, in install
    self._uninstall_previous_version()
  File "/cvmfs/soft.computecanada.ca/easybuild/software/2023/x86-64-v3/Compiler/gcccore/python/3.11.5/lib/python3.11/site-packages/virtualenv/seed/embed/via_app_data/pip_install/base.py", line 149, in _uninstall_previous_version
    self._uninstall_dist(existing_dist)
  File "/cvmfs/soft.computecanada.ca/easybuild/software/2023/x86-64-v3/Compiler/gcccore/python/3.11.5/lib/python3.11/site-packages/virtualenv/seed/embed/via_app_data/pip_install/base.py", line 177, in _uninstall_dist
    path.unlink()
  File "/cvmfs/soft.computecanada.ca/easybuild/software/2023/x86-64-v3/Compiler/gcccore/python/3.11.5/lib/python3.11/pathlib.py", line 1147, in unlink
    os.unlink(self)
FileNotFoundError: [Errno 2] No such file or directory: '/home/cosma/tms_env/lib/python3.11/site-packages/pip/_internal/utils/__pycache__/misc.cpython-311.pyc'

Defaulting to user installation because normal site-packages is not writeable
Looking in links: /cvmfs/soft.computecanada.ca/custom/python/wheelhouse/gentoo2023/x86-64-v3, /cvmfs/soft.computecanada.ca/custom/python/wheelhouse/gentoo2023/generic, /cvmfs/soft.computecanada.ca/custom/python/wheelhouse/generic
Requirement already satisfied: pip in /cvmfs/soft.computecanada.ca/easybuild/software/2023/x86-64-v3/Compiler/gcccore/python/3.11.5/lib/python3.11/site-packages (23.2.1)
Processing /cvmfs/soft.computecanada.ca/custom/python/wheelhouse/generic/pip-26.0.1+computecanada-py3-none-any.whl
Installing collected packages: pip
Successfully installed pip-26.0.1+computecanada
Defaulting to user installation because normal site-packages is not writeable
Looking in links: /cvmfs/soft.computecanada.ca/custom/python/wheelhouse/gentoo2023/x86-64-v3, /cvmfs/soft.computecanada.ca/custom/python/wheelhouse/gentoo2023/generic, /cvmfs/soft.computecanada.ca/custom/python/wheelhouse/generic
WARNING: Retrying (Retry(total=4, connect=None, read=None, redirect=None, status=None)) after connection broken by 'NewConnectionError('<pip._vendor.urllib3.connection.HTTPSConnection object at 0x152f19f33f10>: Failed to establish a new connection: [Errno 101] Network is unreachable')': /simple/monai/
WARNING: Retrying (Retry(total=3, connect=None, read=None, redirect=None, status=None)) after connection broken by 'NewConnectionError('<pip._vendor.urllib3.connection.HTTPSConnection object at 0x152f19f408d0>: Failed to establish a new connection: [Errno 101] Network is unreachable')': /simple/monai/
WARNING: Retrying (Retry(total=2, connect=None, read=None, redirect=None, status=None)) after connection broken by 'NewConnectionError('<pip._vendor.urllib3.connection.HTTPSConnection object at 0x152f19f41110>: Failed to establish a new connection: [Errno 101] Network is unreachable')': /simple/monai/
WARNING: Retrying (Retry(total=1, connect=None, read=None, redirect=None, status=None)) after connection broken by 'NewConnectionError('<pip._vendor.urllib3.connection.HTTPSConnection object at 0x152f19f41b90>: Failed to establish a new connection: [Errno 101] Network is unreachable')': /simple/monai/
WARNING: Retrying (Retry(total=0, connect=None, read=None, redirect=None, status=None)) after connection broken by 'NewConnectionError('<pip._vendor.urllib3.connection.HTTPSConnection object at 0x152f19f42610>: Failed to establish a new connection: [Errno 101] Network is unreachable')': /simple/monai/
Processing /cvmfs/soft.computecanada.ca/custom/python/wheelhouse/generic/monai-1.5.0+computecanada-py3-none-any.whl
WARNING: Retrying (Retry(total=4, connect=None, read=None, redirect=None, status=None)) after connection broken by 'NewConnectionError('<pip._vendor.urllib3.connection.HTTPSConnection object at 0x152f19f97c10>: Failed to establish a new connection: [Errno 101] Network is unreachable')': /simple/s3fs/
WARNING: Retrying (Retry(total=3, connect=None, read=None, redirect=None, status=None)) after connection broken by 'NewConnectionError('<pip._vendor.urllib3.connection.HTTPSConnection object at 0x152f19f98490>: Failed to establish a new connection: [Errno 101] Network is unreachable')': /simple/s3fs/
WARNING: Retrying (Retry(total=2, connect=None, read=None, redirect=None, status=None)) after connection broken by 'NewConnectionError('<pip._vendor.urllib3.connection.HTTPSConnection object at 0x152f19f98d50>: Failed to establish a new connection: [Errno 101] Network is unreachable')': /simple/s3fs/
WARNING: Retrying (Retry(total=1, connect=None, read=None, redirect=None, status=None)) after connection broken by 'NewConnectionError('<pip._vendor.urllib3.connection.HTTPSConnection object at 0x152f19f995d0>: Failed to establish a new connection: [Errno 101] Network is unreachable')': /simple/s3fs/
WARNING: Retrying (Retry(total=0, connect=None, read=None, redirect=None, status=None)) after connection broken by 'NewConnectionError('<pip._vendor.urllib3.connection.HTTPSConnection object at 0x152f19f99ed0>: Failed to establish a new connection: [Errno 101] Network is unreachable')': /simple/s3fs/
Processing /cvmfs/soft.computecanada.ca/custom/python/wheelhouse/generic/s3fs-2026.2.0+computecanada-py3-none-any.whl
WARNING: Retrying (Retry(total=4, connect=None, read=None, redirect=None, status=None)) after connection broken by 'NewConnectionError('<pip._vendor.urllib3.connection.HTTPSConnection object at 0x152f19fa6010>: Failed to establish a new connection: [Errno 101] Network is unreachable')': /simple/nibabel/
WARNING: Retrying (Retry(total=3, connect=None, read=None, redirect=None, status=None)) after connection broken by 'NewConnectionError('<pip._vendor.urllib3.connection.HTTPSConnection object at 0x152f19fa6790>: Failed to establish a new connection: [Errno 101] Network is unreachable')': /simple/nibabel/
WARNING: Retrying (Retry(total=2, connect=None, read=None, redirect=None, status=None)) after connection broken by 'NewConnectionError('<pip._vendor.urllib3.connection.HTTPSConnection object at 0x152f19fa70d0>: Failed to establish a new connection: [Errno 101] Network is unreachable')': /simple/nibabel/
WARNING: Retrying (Retry(total=1, connect=None, read=None, redirect=None, status=None)) after connection broken by 'NewConnectionError('<pip._vendor.urllib3.connection.HTTPSConnection object at 0x152f19fa7a10>: Failed to establish a new connection: [Errno 101] Network is unreachable')': /simple/nibabel/
WARNING: Retrying (Retry(total=0, connect=None, read=None, redirect=None, status=None)) after connection broken by 'NewConnectionError('<pip._vendor.urllib3.connection.HTTPSConnection object at 0x152f19db02d0>: Failed to establish a new connection: [Errno 101] Network is unreachable')': /simple/nibabel/
Processing /cvmfs/soft.computecanada.ca/custom/python/wheelhouse/generic/nibabel-5.3.2+computecanada-py3-none-any.whl
Requirement already satisfied: pandas in /cvmfs/soft.computecanada.ca/easybuild/software/2023/x86-64-v3/Compiler/gcccore/scipy-stack/2024a/lib/python3.11/site-packages (2.2.1+computecanada)
WARNING: Retrying (Retry(total=4, connect=None, read=None, redirect=None, status=None)) after connection broken by 'NewConnectionError('<pip._vendor.urllib3.connection.HTTPSConnection object at 0x152f19dcc390>: Failed to establish a new connection: [Errno 101] Network is unreachable')': /simple/seaborn/
WARNING: Retrying (Retry(total=3, connect=None, read=None, redirect=None, status=None)) after connection broken by 'NewConnectionError('<pip._vendor.urllib3.connection.HTTPSConnection object at 0x152f19dccb90>: Failed to establish a new connection: [Errno 101] Network is unreachable')': /simple/seaborn/
WARNING: Retrying (Retry(total=2, connect=None, read=None, redirect=None, status=None)) after connection broken by 'NewConnectionError('<pip._vendor.urllib3.connection.HTTPSConnection object at 0x152f19dcd450>: Failed to establish a new connection: [Errno 101] Network is unreachable')': /simple/seaborn/
WARNING: Retrying (Retry(total=1, connect=None, read=None, redirect=None, status=None)) after connection broken by 'NewConnectionError('<pip._vendor.urllib3.connection.HTTPSConnection object at 0x152f19dcdb90>: Failed to establish a new connection: [Errno 101] Network is unreachable')': /simple/seaborn/
WARNING: Retrying (Retry(total=0, connect=None, read=None, redirect=None, status=None)) after connection broken by 'NewConnectionError('<pip._vendor.urllib3.connection.HTTPSConnection object at 0x152f19dce4d0>: Failed to establish a new connection: [Errno 101] Network is unreachable')': /simple/seaborn/
Processing /cvmfs/soft.computecanada.ca/custom/python/wheelhouse/generic/seaborn-0.13.2+computecanada-py3-none-any.whl
WARNING: Retrying (Retry(total=4, connect=None, read=None, redirect=None, status=None)) after connection broken by 'NewConnectionError('<pip._vendor.urllib3.connection.HTTPSConnection object at 0x152f19ddb510>: Failed to establish a new connection: [Errno 101] Network is unreachable')': /simple/scikit-learn/
WARNING: Retrying (Retry(total=3, connect=None, read=None, redirect=None, status=None)) after connection broken by 'NewConnectionError('<pip._vendor.urllib3.connection.HTTPSConnection object at 0x152f19ddbbd0>: Failed to establish a new connection: [Errno 101] Network is unreachable')': /simple/scikit-learn/
WARNING: Retrying (Retry(total=2, connect=None, read=None, redirect=None, status=None)) after connection broken by 'NewConnectionError('<pip._vendor.urllib3.connection.HTTPSConnection object at 0x152f19de4410>: Failed to establish a new connection: [Errno 101] Network is unreachable')': /simple/scikit-learn/
WARNING: Retrying (Retry(total=1, connect=None, read=None, redirect=None, status=None)) after connection broken by 'NewConnectionError('<pip._vendor.urllib3.connection.HTTPSConnection object at 0x152f19de4c10>: Failed to establish a new connection: [Errno 101] Network is unreachable')': /simple/scikit-learn/
WARNING: Retrying (Retry(total=0, connect=None, read=None, redirect=None, status=None)) after connection broken by 'NewConnectionError('<pip._vendor.urllib3.connection.HTTPSConnection object at 0x152f19de5310>: Failed to establish a new connection: [Errno 101] Network is unreachable')': /simple/scikit-learn/
slurmstepd: error: *** JOB 58671158 ON ng30601 CANCELLED AT 2026-04-01T17:15:31 DUE TO TIME LIMIT ***
