created virtual environment CPython3.11.5.final.0-64 in 2847ms
  creator CPython3Posix(dest=/home/cosma/tms_env, clear=False, no_vcs_ignore=False, global=False)
  seeder FromAppData(download=False, pip=bundle, setuptools=bundle, wheel=bundle, via=copy, app_data_dir=/home/cosma/.local/share/virtualenv)
    added seed packages: aiobotocore==3.1.3+computecanada, aiohappyeyeballs==2.6.1+computecanada, aiohttp==3.13.3+computecanada, aioitertools==0.13.0+computecanada, aiosignal==1.4.0+computecanada, attrs==26.1.0+computecanada, awscli==1.44.70, botocore==1.42.80, colorama==0.4.6+computecanada, docutils==0.19+computecanada, filelock==3.25.2+computecanada, frozenlist==1.8.0+computecanada, fsspec==2026.2.0+computecanada, idna==3.11+computecanada, importlib_resources==6.5.2+computecanada, jinja2==3.1.6+computecanada, jmespath==1.1.0+computecanada, joblib==1.5.3+computecanada, markupsafe==3.0.3+computecanada, monai==1.5.0+computecanada, multidict==6.7.1+computecanada, networkx==3.6.1+computecanada, nibabel==5.3.2+computecanada, pip==23.2.1, propcache==0.4.1+computecanada, pyasn1==0.6.3+computecanada, python_dateutil==2.9.0.post0+computecanada, pyyaml==6.0.3+computecanada, rsa==4.7.2+computecanada, s3fs==2026.2.0+computecanada, s3transfer==0.16.0+computecanada, scikit_learn==1.8.0+computecanada, seaborn==0.13.2+computecanada, setuptools==68.0.0, six==1.17.0+computecanada, sympy==1.13.1+computecanada, threadpoolctl==3.6.0+computecanada, torch==2.6.0+computecanada, tqdm==4.67.3+computecanada, urllib3==2.6.3+computecanada, wheel==0.41.1, wrapt==2.1.2+computecanada, yarl==1.23.0+computecanada
  activators BashActivator,CShellActivator,FishActivator,NushellActivator,PowerShellActivator,PythonActivator
Looking in links: /cvmfs/soft.computecanada.ca/custom/python/wheelhouse/gentoo2023/x86-64-v3, /cvmfs/soft.computecanada.ca/custom/python/wheelhouse/gentoo2023/generic, /cvmfs/soft.computecanada.ca/custom/python/wheelhouse/generic
Requirement already satisfied: pip in ./tms_env/lib/python3.11/site-packages (23.2.1)
Processing /cvmfs/soft.computecanada.ca/custom/python/wheelhouse/generic/pip-26.0.1+computecanada-py3-none-any.whl
Installing collected packages: pip
  Attempting uninstall: pip
    Found existing installation: pip 23.2.1
    Uninstalling pip-23.2.1:
      Successfully uninstalled pip-23.2.1
Successfully installed pip-26.0.1+computecanada
Looking in links: /cvmfs/soft.computecanada.ca/custom/python/wheelhouse/gentoo2023/x86-64-v3, /cvmfs/soft.computecanada.ca/custom/python/wheelhouse/gentoo2023/generic, /cvmfs/soft.computecanada.ca/custom/python/wheelhouse/generic
Requirement already satisfied: monai in ./tms_env/lib/python3.11/site-packages (1.5.0+computecanada)
Requirement already satisfied: s3fs in ./tms_env/lib/python3.11/site-packages (2026.2.0+computecanada)
Requirement already satisfied: nibabel in ./tms_env/lib/python3.11/site-packages (5.3.2+computecanada)
Requirement already satisfied: pandas in /cvmfs/soft.computecanada.ca/easybuild/software/2023/x86-64-v3/Compiler/gcccore/scipy-stack/2024a/lib/python3.11/site-packages (2.2.1+computecanada)
Requirement already satisfied: seaborn in ./tms_env/lib/python3.11/site-packages (0.13.2+computecanada)
Requirement already satisfied: scikit-learn in ./tms_env/lib/python3.11/site-packages (1.8.0+computecanada)
Requirement already satisfied: tqdm in ./tms_env/lib/python3.11/site-packages (4.67.3+computecanada)
Requirement already satisfied: scipy in /cvmfs/soft.computecanada.ca/easybuild/software/2023/x86-64-v3/Compiler/gcccore/scipy-stack/2024a/lib/python3.11/site-packages (1.13.1+computecanada)
Requirement already satisfied: numpy<3.0,>=1.24 in /cvmfs/soft.computecanada.ca/easybuild/software/2023/x86-64-v3/Compiler/gcccore/scipy-stack/2024a/lib/python3.11/site-packages (from monai) (1.26.4+computecanada)
Requirement already satisfied: torch<2.7.0,>=2.4.1 in ./tms_env/lib/python3.11/site-packages (from monai) (2.6.0+computecanada)
Requirement already satisfied: filelock in ./tms_env/lib/python3.11/site-packages (from torch<2.7.0,>=2.4.1->monai) (3.25.2+computecanada)
Requirement already satisfied: typing-extensions>=4.10.0 in /cvmfs/soft.computecanada.ca/easybuild/software/2023/x86-64-v3/Compiler/gcccore/ipykernel/2024a/lib/python3.11/site-packages (from torch<2.7.0,>=2.4.1->monai) (4.12.2+computecanada)
Requirement already satisfied: networkx in ./tms_env/lib/python3.11/site-packages (from torch<2.7.0,>=2.4.1->monai) (3.6.1+computecanada)
Requirement already satisfied: jinja2 in ./tms_env/lib/python3.11/site-packages (from torch<2.7.0,>=2.4.1->monai) (3.1.6+computecanada)
Requirement already satisfied: fsspec in ./tms_env/lib/python3.11/site-packages (from torch<2.7.0,>=2.4.1->monai) (2026.2.0+computecanada)
Requirement already satisfied: sympy==1.13.1 in ./tms_env/lib/python3.11/site-packages (from torch<2.7.0,>=2.4.1->monai) (1.13.1+computecanada)
Requirement already satisfied: mpmath<1.4,>=1.1.0 in /cvmfs/soft.computecanada.ca/easybuild/software/2023/x86-64-v3/Compiler/gcccore/scipy-stack/2024a/lib/python3.11/site-packages (from sympy==1.13.1->torch<2.7.0,>=2.4.1->monai) (1.3.0+computecanada)
Requirement already satisfied: aiobotocore<4.0.0,>=2.19.0 in ./tms_env/lib/python3.11/site-packages (from s3fs) (3.1.3+computecanada)
Requirement already satisfied: aiohttp!=4.0.0a0,!=4.0.0a1 in ./tms_env/lib/python3.11/site-packages (from s3fs) (3.13.3+computecanada)
Requirement already satisfied: aioitertools<1.0.0,>=0.5.1 in ./tms_env/lib/python3.11/site-packages (from aiobotocore<4.0.0,>=2.19.0->s3fs) (0.13.0+computecanada)
WARNING: Retrying (Retry(total=4, connect=None, read=None, redirect=None, status=None)) after connection broken by 'NewConnectionError('<pip._vendor.urllib3.connection.HTTPSConnection object at 0x154455004550>: Failed to establish a new connection: [Errno 101] Network is unreachable')': /simple/botocore/
WARNING: Retrying (Retry(total=3, connect=None, read=None, redirect=None, status=None)) after connection broken by 'NewConnectionError('<pip._vendor.urllib3.connection.HTTPSConnection object at 0x154455005950>: Failed to establish a new connection: [Errno 101] Network is unreachable')': /simple/botocore/
WARNING: Retrying (Retry(total=2, connect=None, read=None, redirect=None, status=None)) after connection broken by 'NewConnectionError('<pip._vendor.urllib3.connection.HTTPSConnection object at 0x154455006410>: Failed to establish a new connection: [Errno 101] Network is unreachable')': /simple/botocore/
WARNING: Retrying (Retry(total=1, connect=None, read=None, redirect=None, status=None)) after connection broken by 'NewConnectionError('<pip._vendor.urllib3.connection.HTTPSConnection object at 0x154455006e10>: Failed to establish a new connection: [Errno 101] Network is unreachable')': /simple/botocore/
WARNING: Retrying (Retry(total=0, connect=None, read=None, redirect=None, status=None)) after connection broken by 'NewConnectionError('<pip._vendor.urllib3.connection.HTTPSConnection object at 0x154455007810>: Failed to establish a new connection: [Errno 101] Network is unreachable')': /simple/botocore/
Processing /cvmfs/soft.computecanada.ca/custom/python/wheelhouse/generic/botocore-1.42.49+computecanada-py3-none-any.whl (from aiobotocore<4.0.0,>=2.19.0->s3fs)
Requirement already satisfied: python-dateutil<3.0.0,>=2.1 in ./tms_env/lib/python3.11/site-packages (from aiobotocore<4.0.0,>=2.19.0->s3fs) (2.9.0.post0+computecanada)
Requirement already satisfied: jmespath<2.0.0,>=0.7.1 in ./tms_env/lib/python3.11/site-packages (from aiobotocore<4.0.0,>=2.19.0->s3fs) (1.1.0+computecanada)
Requirement already satisfied: multidict<7.0.0,>=6.0.0 in ./tms_env/lib/python3.11/site-packages (from aiobotocore<4.0.0,>=2.19.0->s3fs) (6.7.1+computecanada)
Requirement already satisfied: wrapt<3.0.0,>=1.10.10 in ./tms_env/lib/python3.11/site-packages (from aiobotocore<4.0.0,>=2.19.0->s3fs) (2.1.2+computecanada)
Requirement already satisfied: aiohappyeyeballs>=2.5.0 in ./tms_env/lib/python3.11/site-packages (from aiohttp!=4.0.0a0,!=4.0.0a1->s3fs) (2.6.1+computecanada)
Requirement already satisfied: aiosignal>=1.4.0 in ./tms_env/lib/python3.11/site-packages (from aiohttp!=4.0.0a0,!=4.0.0a1->s3fs) (1.4.0+computecanada)
Requirement already satisfied: attrs>=17.3.0 in ./tms_env/lib/python3.11/site-packages (from aiohttp!=4.0.0a0,!=4.0.0a1->s3fs) (26.1.0+computecanada)
Requirement already satisfied: frozenlist>=1.1.1 in ./tms_env/lib/python3.11/site-packages (from aiohttp!=4.0.0a0,!=4.0.0a1->s3fs) (1.8.0+computecanada)
Requirement already satisfied: propcache>=0.2.0 in ./tms_env/lib/python3.11/site-packages (from aiohttp!=4.0.0a0,!=4.0.0a1->s3fs) (0.4.1+computecanada)
Requirement already satisfied: yarl<2.0,>=1.17.0 in ./tms_env/lib/python3.11/site-packages (from aiohttp!=4.0.0a0,!=4.0.0a1->s3fs) (1.23.0+computecanada)
Requirement already satisfied: urllib3!=2.2.0,<3,>=1.25.4 in ./tms_env/lib/python3.11/site-packages (from botocore<1.42.50,>=1.41.0->aiobotocore<4.0.0,>=2.19.0->s3fs) (2.6.3+computecanada)
Requirement already satisfied: six>=1.5 in ./tms_env/lib/python3.11/site-packages (from python-dateutil<3.0.0,>=2.1->aiobotocore<4.0.0,>=2.19.0->s3fs) (1.17.0+computecanada)
Requirement already satisfied: idna>=2.0 in ./tms_env/lib/python3.11/site-packages (from yarl<2.0,>=1.17.0->aiohttp!=4.0.0a0,!=4.0.0a1->s3fs) (3.11+computecanada)
Requirement already satisfied: importlib-resources>=5.12 in ./tms_env/lib/python3.11/site-packages (from nibabel) (6.5.2+computecanada)
Requirement already satisfied: packaging>=20 in /cvmfs/soft.computecanada.ca/easybuild/software/2023/x86-64-v3/Compiler/gcccore/scipy-stack/2024a/lib/python3.11/site-packages (from nibabel) (24.1+computecanada)
Requirement already satisfied: pytz>=2020.1 in /cvmfs/soft.computecanada.ca/easybuild/software/2023/x86-64-v3/Compiler/gcccore/scipy-stack/2024a/lib/python3.11/site-packages (from pandas) (2024.1+computecanada)
Requirement already satisfied: tzdata>=2022.7 in /cvmfs/soft.computecanada.ca/easybuild/software/2023/x86-64-v3/Compiler/gcccore/scipy-stack/2024a/lib/python3.11/site-packages (from pandas) (2024.1+computecanada)
Requirement already satisfied: matplotlib!=3.6.1,>=3.4 in /cvmfs/soft.computecanada.ca/easybuild/software/2023/x86-64-v3/Compiler/gcccore/scipy-stack/2024a/lib/python3.11/site-packages (from seaborn) (3.9.0+computecanada)
Requirement already satisfied: joblib>=1.3.0 in ./tms_env/lib/python3.11/site-packages (from scikit-learn) (1.5.3+computecanada)
Requirement already satisfied: threadpoolctl>=3.2.0 in ./tms_env/lib/python3.11/site-packages (from scikit-learn) (3.6.0+computecanada)
Requirement already satisfied: contourpy>=1.0.1 in /cvmfs/soft.computecanada.ca/easybuild/software/2023/x86-64-v3/Compiler/gcccore/scipy-stack/2024a/lib/python3.11/site-packages (from matplotlib!=3.6.1,>=3.4->seaborn) (1.2.1+computecanada)
Requirement already satisfied: cycler>=0.10 in /cvmfs/soft.computecanada.ca/easybuild/software/2023/x86-64-v3/Compiler/gcccore/scipy-stack/2024a/lib/python3.11/site-packages (from matplotlib!=3.6.1,>=3.4->seaborn) (0.12.1+computecanada)
Requirement already satisfied: fonttools>=4.22.0 in /cvmfs/soft.computecanada.ca/easybuild/software/2023/x86-64-v3/Compiler/gcccore/scipy-stack/2024a/lib/python3.11/site-packages (from matplotlib!=3.6.1,>=3.4->seaborn) (4.53.0+computecanada)
Requirement already satisfied: kiwisolver>=1.3.1 in /cvmfs/soft.computecanada.ca/easybuild/software/2023/x86-64-v3/Compiler/gcccore/scipy-stack/2024a/lib/python3.11/site-packages (from matplotlib!=3.6.1,>=3.4->seaborn) (1.4.5+computecanada)
Requirement already satisfied: pillow>=8 in /cvmfs/soft.computecanada.ca/easybuild/software/2023/x86-64-v3/Compiler/gcccore/scipy-stack/2024a/lib/python3.11/site-packages (from matplotlib!=3.6.1,>=3.4->seaborn) (10.3.0+computecanada)
Requirement already satisfied: pyparsing>=2.3.1 in /cvmfs/soft.computecanada.ca/easybuild/software/2023/x86-64-v3/Compiler/gcccore/scipy-stack/2024a/lib/python3.11/site-packages (from matplotlib!=3.6.1,>=3.4->seaborn) (3.1.2+computecanada)
Requirement already satisfied: MarkupSafe>=2.0 in ./tms_env/lib/python3.11/site-packages (from jinja2->torch<2.7.0,>=2.4.1->monai) (3.0.3+computecanada)
Installing collected packages: botocore
  Attempting uninstall: botocore
    Found existing installation: botocore 1.42.80
    Uninstalling botocore-1.42.80:
      Successfully uninstalled botocore-1.42.80
ERROR: pip's dependency resolver does not currently take into account all the packages that are installed. This behaviour is the source of the following dependency conflicts.
awscli 1.44.70 requires botocore==1.42.80, but you have botocore 1.42.49+computecanada which is incompatible.
Successfully installed botocore-1.42.49+computecanada
Data and results will be saved to: /home/cosma/tms_fmri_project_20260401_125155
Device       : cuda
TARGET_SHAPE : (96, 96, 72)
BATCH_SIZE   : 16
Work dir     : /home/cosma/tms_fmri_project_20260401_125155
✓ Connected — top-level entries under s3:///scratch/cosma/openneuro.org/ds005498: 153
Raw shape: (152, 51)
  participant_id  Gender  ...  L-aMFG Scan ( Minus32x42x34)  Resting Scan
0   sub-NTHC1001       2  ...                             0             1
1   sub-NTHC1003       2  ...                             0             1
2   sub-NTHC1009       2  ...                             1             1

[3 rows x 51 columns]

Group distribution:
group
NTHC    46
NTS     43
NIS     34
TEHC    29
Name: count, dtype: int64

Sex numeric distribution:
sex_num
0.0    93
1.0    58
0.5     1
Name: count, dtype: int64
Traceback (most recent call last):
  File "/home/cosma/tms-fmri-classifier-narval.py", line 187, in <module>
    test_size=TEST_FRAC,
              ^^^^^^^^^
NameError: name 'TEST_FRAC' is not defined
